Arguments: 
  C:\Program Files\nodejs\node.exe D:\Yarn\bin\yarn.js add synckit

PATH: 
  C:\Python 3\Scripts\;C:\Python 3\;C:\Program Files (x86)\Common Files\Intel\Shared Libraries\redist\intel64\compiler;C:\ProgramData\Oracle\Java\javapath;E:\C\Dev\Dev-Cpp\MinGW64\bin;C:\Program Files (x86)\Skype\Phone\;D:\QuickTime\QTSystem\;C:\Users\Kiran\node_modules\nodemon;C:\Python 3\;C:\Python 3\Scripts\ ;C:\Program Files\nodejs\;D:\putty\;E:\C\Microsoft VS Code\bin;C:\Program Files\Git\cmd;D:\Yarn\bin\;C:\Python 3\Scripts\;C:\Python 3\;E:\C\Microsoft VS Code\bin; C:\Users\Kiran\node_modules\hastebin\bin;C:\Users\Kiran\node_modules\pm2\bin;C:\Users\Kiran\AppData\Local\atom\bin;C:\Users\Kiran\AppData\Roaming\npm;C:\Users\Kiran\AppData\Local\GitHubDesktop\bin;C:\Users\Kiran\AppData\Local\Yarn\bin

Yarn version: 
  1.9.4

Node version: 
  10.5.0

Platform: 
  win32 x64

Trace: 
  Error: https://registry.yarnpkg.com/synckit: Not found
      at Request.params.callback [as _callback] (D:\Yarn\lib\cli.js:64202:18)
      at Request.self.callback (D:\Yarn\lib\cli.js:137468:22)
      at Request.emit (events.js:182:13)
      at Request.<anonymous> (D:\Yarn\lib\cli.js:138440:10)
      at Request.emit (events.js:182:13)
      at IncomingMessage.<anonymous> (D:\Yarn\lib\cli.js:138362:12)
      at Object.onceWrapper (events.js:273:13)
      at IncomingMessage.emit (events.js:187:15)
      at endReadableNT (_stream_readable.js:1081:12)
      at process._tickCallback (internal/process/next_tick.js:63:19)

npm manifest: 
  {
    "dependencies": {
      "asynckit": "^0.4.0",
      "discord.js": "discordjs/discord.js",
      "dotenv": "^6.0.0",
      "klasa": "dirigeants/klasa",
      "node-gyp": "^3.8.0",
      "rebuild": "^0.1.2",
      "heapdump": "^0.3.9",
      "util": "^0.11.0"
    }
  }

yarn manifest: 
  No manifest

Lockfile: 
  # THIS IS AN AUTOGENERATED FILE. DO NOT EDIT THIS FILE DIRECTLY.
  # yarn lockfile v1
  
  
  async-limiter@~1.0.0:
    version "1.0.0"
    resolved "https://registry.yarnpkg.com/async-limiter/-/async-limiter-1.0.0.tgz#78faed8c3d074ab81f22b4e985d79e8738f720f8"
  
  asynckit@^0.4.0:
    version "0.4.0"
    resolved "https://registry.yarnpkg.com/asynckit/-/asynckit-0.4.0.tgz#c79ed97f7f34cb8f2ba1bc9790bcc366474b4b79"
  
  combined-stream@1.0.6:
    version "1.0.6"
    resolved "https://registry.yarnpkg.com/combined-stream/-/combined-stream-1.0.6.tgz#723e7df6e801ac5613113a7e445a9b69cb632818"
    dependencies:
      delayed-stream "~1.0.0"
  
  delayed-stream@~1.0.0:
    version "1.0.0"
    resolved "https://registry.yarnpkg.com/delayed-stream/-/delayed-stream-1.0.0.tgz#df3ae199acadfb7d440aaae0b29e2272b24ec619"
  
  discord.js@discordjs/discord.js:
    version "12.0.0-dev"
    resolved "https://codeload.github.com/discordjs/discord.js/tar.gz/3f81b613d83140cdf3d99b93ea74d83c52846b2c"
    dependencies:
      form-data "^2.3.2"
      node-fetch "^2.1.2"
      pako "^1.0.0"
      prism-media amishshah/prism-media
      tweetnacl "^1.0.0"
      ws "^6.0.0"
  
  dotenv@^6.0.0:
    version "6.0.0"
    resolved "https://registry.yarnpkg.com/dotenv/-/dotenv-6.0.0.tgz#24e37c041741c5f4b25324958ebbc34bca965935"
  
  form-data@^2.3.2:
    version "2.3.2"
    resolved "https://registry.yarnpkg.com/form-data/-/form-data-2.3.2.tgz#4970498be604c20c005d4f5c23aecd21d6b49099"
    dependencies:
      asynckit "^0.4.0"
      combined-stream "1.0.6"
      mime-types "^2.1.12"
  
  fs-nextra@^0.3.2:
    version "0.3.7"
    resolved "https://registry.yarnpkg.com/fs-nextra/-/fs-nextra-0.3.7.tgz#81b5b0a5acaebe203c58beaa219b220333557f2a"
  
  klasa@dirigeants/klasa:
    version "0.5.0-dev"
    resolved "https://codeload.github.com/dirigeants/klasa/tar.gz/5a0ea292f0c8d522b26202a111445a234b53a87d"
    dependencies:
      fs-nextra "^0.3.2"
  
  mime-db@~1.35.0:
    version "1.35.0"
    resolved "https://registry.yarnpkg.com/mime-db/-/mime-db-1.35.0.tgz#0569d657466491283709663ad379a99b90d9ab47"
  
  mime-types@^2.1.12:
    version "2.1.19"
    resolved "https://registry.yarnpkg.com/mime-types/-/mime-types-2.1.19.tgz#71e464537a7ef81c15f2db9d97e913fc0ff606f0"
    dependencies:
      mime-db "~1.35.0"
  
  node-fetch@^2.1.2:
    version "2.2.0"
    resolved "https://registry.yarnpkg.com/node-fetch/-/node-fetch-2.2.0.tgz#4ee79bde909262f9775f731e3656d0db55ced5b5"
  
  pako@^1.0.0:
    version "1.0.6"
    resolved "https://registry.yarnpkg.com/pako/-/pako-1.0.6.tgz#0101211baa70c4bca4a0f63f2206e97b7dfaf258"
  
  prism-media@amishshah/prism-media:
    version "0.3.1"
    resolved "https://codeload.github.com/amishshah/prism-media/tar.gz/7146426e462bf91b39053de4cf8b78c72490cd54"
  
  tweetnacl@^1.0.0:
    version "1.0.0"
    resolved "https://registry.yarnpkg.com/tweetnacl/-/tweetnacl-1.0.0.tgz#713d8b818da42068740bf68386d0479e66fc8a7b"
  
  ws@^6.0.0:
    version "6.0.0"
    resolved "https://registry.yarnpkg.com/ws/-/ws-6.0.0.tgz#eaa494aded00ac4289d455bac8d84c7c651cef35"
    dependencies:
      async-limiter "~1.0.0"
